D:\Program Files (x86)\Microsoft Visual Studio\2017\Community\Common7\IDE\VC\VCTargets\Microsoft.CppBuild.targets(391,5): warning MSB8028: The intermediate directory (x64\Release\) contains files shared from another project (IndicatorMod.vcxproj, SpeedoMeter.vcxproj).  This can lead to incorrect clean and rebuild behavior.
  scriptNitro.cpp
e:\users\paulo\desktop\desktop\programação\gta v\indicator mod\nitromod\indicatormod\scriptnitro.cpp(421): warning C4477: 'sprintf_s': a cadeia de formato '%s' requer um argumento do tipo 'char *', mas um argumento variadic 1 tem o tipo 'std::string'
e:\users\paulo\desktop\desktop\programação\gta v\indicator mod\nitromod\indicatormod\scriptnitro.cpp(424): warning C4477: 'sprintf_s': a cadeia de formato '%s' requer um argumento do tipo 'char *', mas um argumento variadic 1 tem o tipo 'std::string'
e:\users\paulo\desktop\desktop\programação\gta v\indicator mod\nitromod\indicatormod\scriptnitro.cpp(431): warning C4477: 'sprintf_s': a cadeia de formato '%s' requer um argumento do tipo 'char *', mas um argumento variadic 1 tem o tipo 'std::string'
e:\users\paulo\desktop\desktop\programação\gta v\indicator mod\nitromod\indicatormod\scriptnitro.cpp(450): warning C4477: 'sprintf_s': a cadeia de formato '%s' requer um argumento do tipo 'char *', mas um argumento variadic 1 tem o tipo 'std::string'
e:\users\paulo\desktop\desktop\programação\gta v\indicator mod\nitromod\indicatormod\scriptnitro.cpp(452): warning C4477: 'sprintf_s': a cadeia de formato '%s' requer um argumento do tipo 'char *', mas um argumento variadic 1 tem o tipo 'std::string'
e:\users\paulo\desktop\desktop\programação\gta v\indicator mod\nitromod\indicatormod\scriptnitro.cpp(464): warning C4477: 'sprintf_s': a cadeia de formato '%s' requer um argumento do tipo 'char *', mas um argumento variadic 1 tem o tipo 'std::string'
e:\users\paulo\desktop\desktop\programação\gta v\indicator mod\nitromod\indicatormod\scriptnitro.cpp(1295): warning C4477: 'sprintf_s': a cadeia de formato '%s' requer um argumento do tipo 'char *', mas um argumento variadic 1 tem o tipo 'std::string'
e:\users\paulo\desktop\desktop\programação\gta v\indicator mod\nitromod\indicatormod\scriptnitro.cpp(1328): warning C4477: 'sprintf_s': a cadeia de formato '%s' requer um argumento do tipo 'char *', mas um argumento variadic 1 tem o tipo 'std::string'
e:\users\paulo\desktop\desktop\programação\gta v\indicator mod\nitromod\indicatormod\scriptnitro.cpp(1483): warning C4477: 'sprintf_s': a cadeia de formato '%s' requer um argumento do tipo 'char *', mas um argumento variadic 1 tem o tipo 'std::string'
e:\users\paulo\desktop\desktop\programação\gta v\indicator mod\nitromod\indicatormod\scriptnitro.cpp(1490): warning C4477: 'sprintf_s': a cadeia de formato '%s' requer um argumento do tipo 'char *', mas um argumento variadic 1 tem o tipo 'std::string'
e:\users\paulo\desktop\desktop\programação\gta v\indicator mod\nitromod\indicatormod\scriptnitro.cpp(1497): warning C4477: 'sprintf_s': a cadeia de formato '%s' requer um argumento do tipo 'char *', mas um argumento variadic 1 tem o tipo 'std::string'
e:\users\paulo\desktop\desktop\programação\gta v\indicator mod\nitromod\indicatormod\scriptnitro.cpp(1508): warning C4477: 'sprintf_s': a cadeia de formato '%s' requer um argumento do tipo 'char *', mas um argumento variadic 1 tem o tipo 'std::string'
e:\users\paulo\desktop\desktop\programação\gta v\indicator mod\nitromod\indicatormod\scriptnitro.cpp(1516): warning C4477: 'sprintf_s': a cadeia de formato '%s' requer um argumento do tipo 'char *', mas um argumento variadic 1 tem o tipo 'std::string'
e:\users\paulo\desktop\desktop\programação\gta v\indicator mod\nitromod\indicatormod\scriptnitro.cpp(1554): warning C4474: 'sprintf_s': excesso de argumentos transmitidos para cadeia de caracteres de formato
  e:\users\paulo\desktop\desktop\programação\gta v\indicator mod\nitromod\indicatormod\scriptnitro.cpp(1554): note: espaços reservados e seus parâmetros esperam 0 argumentos variadic, mas 1 foram fornecidos
e:\users\paulo\desktop\desktop\programação\gta v\indicator mod\nitromod\indicatormod\scriptnitro.cpp(1614): warning C4018: '<': incompatibilidade de signed/unsigned
e:\users\paulo\desktop\desktop\programação\gta v\indicator mod\nitromod\indicatormod\scriptnitro.cpp(1631): warning C4018: '<': incompatibilidade de signed/unsigned
e:\users\paulo\desktop\desktop\programação\gta v\indicator mod\nitromod\indicatormod\scriptnitro.cpp(1648): warning C4018: '<': incompatibilidade de signed/unsigned
e:\users\paulo\desktop\desktop\programação\gta v\indicator mod\nitromod\indicatormod\scriptnitro.cpp(1660): warning C4477: 'sprintf_s': a cadeia de formato '%s' requer um argumento do tipo 'char *', mas um argumento variadic 1 tem o tipo 'std::string'
D:\Program Files (x86)\Microsoft Visual Studio\2017\Community\Common7\IDE\VC\VCTargets\Microsoft.CppBuild.targets(1216,5): warning MSB8012: TargetPath(E:\Users\Paulo\Desktop\Desktop\Programação\GTA V\Indicator Mod\NitroMod\x64\Release\NitroMod.dll) does not match the Linker's OutputFile property value (E:\Users\Paulo\Desktop\Desktop\Programação\GTA V\Indicator Mod\NitroMod\x64\Release\NitroMod.asi). This may cause your project to build incorrectly. To correct this, please make sure that $(OutDir), $(TargetName) and $(TargetExt) property values match the value specified in %(Link.OutputFile).
D:\Program Files (x86)\Microsoft Visual Studio\2017\Community\Common7\IDE\VC\VCTargets\Microsoft.CppBuild.targets(1217,5): warning MSB8012: TargetExt(.dll) does not match the Linker's OutputFile property value (.asi). This may cause your project to build incorrectly. To correct this, please make sure that $(OutDir), $(TargetName) and $(TargetExt) property values match the value specified in %(Link.OutputFile).
  Gerando código
  1 of 249 functions ( 0.4%) were compiled, the rest were copied from previous compilation.
    0 functions were new in current compilation
    2 functions had inline decision re-evaluated but remain unchanged
  Finalizada a geração de código
  IndicatorMod.vcxproj -> E:\Users\Paulo\Desktop\Desktop\Programação\GTA V\Indicator Mod\NitroMod\x64\Release\NitroMod.dll
