Build started 28/04/2015 12:43:46.
     1>Project "C:\Users\Paulo\Desktop\Desktop\Programação\GTA V\Indicator Mod\IndicatorMod\IndicatorMod\IndicatorMod.vcxproj" on node 2 (Build target(s)).
     1>ClCompile:
         C:\Program Files (x86)\Microsoft Visual Studio 12.0\VC\bin\CL.exe /c /ZI /nologo /W3 /WX- /sdl /Od /Oy- /D _WINDLL /D _MBCS /Gm /EHsc /RTC1 /MDd /GS /fp:precise /Zc:wchar_t /Zc:forScope /Fo"Debug\\" /Fd"Debug\vc120.pdb" /Gd /TP /analyze- /errorReport:prompt main.cpp scriptSourceIndicator.cpp
         main.cpp
         Generating Code...
         Skipping... (no relevant changes detected)
         scriptSourceIndicator.cpp
       Link:
         C:\Program Files (x86)\Microsoft Visual Studio 12.0\VC\bin\link.exe /ERRORREPORT:PROMPT /OUT:"C:\Users\Paulo\Desktop\Desktop\Programação\GTA V\Indicator Mod\IndicatorMod\Debug\IndicatorMod.asi" /INCREMENTAL /NOLOGO kernel32.lib user32.lib gdi32.lib winspool.lib comdlg32.lib advapi32.lib shell32.lib ole32.lib oleaut32.lib uuid.lib odbc32.lib odbccp32.lib /MANIFEST /MANIFESTUAC:"level='asInvoker' uiAccess='false'" /manifest:embed /DEBUG /PDB:"C:\Users\Paulo\Desktop\Desktop\Programação\GTA V\Indicator Mod\IndicatorMod\Debug\IndicatorMod.pdb" /TLBID:1 /DYNAMICBASE /NXCOMPAT /IMPLIB:"C:\Users\Paulo\Desktop\Desktop\Programação\GTA V\Indicator Mod\IndicatorMod\Debug\IndicatorMod.lib" /MACHINE:X86 /DLL Debug\main.obj
         Debug\scriptSourceIndicator.obj
     1>main.obj : error LNK2019: unresolved external symbol "__declspec(dllimport) void __cdecl scriptRegister(struct HINSTANCE__ *,void (__cdecl*)(void))" (__imp_?scriptRegister@@YAXPAUHINSTANCE__@@P6AXXZ@Z) referenced in function _DllMain@12
     1>scriptSourceIndicator.obj : error LNK2019: unresolved external symbol "__declspec(dllimport) void __cdecl scriptWait(unsigned long)" (__imp_?scriptWait@@YAXK@Z) referenced in function "void __cdecl WAIT(unsigned long)" (?WAIT@@YAXK@Z)
     1>scriptSourceIndicator.obj : error LNK2019: unresolved external symbol "__declspec(dllimport) void __cdecl nativeInit(unsigned __int64)" (__imp_?nativeInit@@YAX_K@Z) referenced in function "unsigned long __cdecl invoke<unsigned long,int>(unsigned __int64,int)" (??$invoke@KH@@YAK_KH@Z)
     1>scriptSourceIndicator.obj : error LNK2019: unresolved external symbol "__declspec(dllimport) void __cdecl nativePush64(unsigned __int64)" (__imp_?nativePush64@@YAX_K@Z) referenced in function "void __cdecl nativePush<int>(int)" (??$nativePush@H@@YAXH@Z)
     1>scriptSourceIndicator.obj : error LNK2019: unresolved external symbol "__declspec(dllimport) unsigned __int64 * __cdecl nativeCall(void)" (__imp_?nativeCall@@YAPA_KXZ) referenced in function "unsigned long __cdecl invoke<unsigned long,int>(unsigned __int64,int)" (??$invoke@KH@@YAK_KH@Z)
     1>C:\Users\Paulo\Desktop\Desktop\Programação\GTA V\Indicator Mod\IndicatorMod\Debug\IndicatorMod.asi : fatal error LNK1120: 5 unresolved externals
     1>Done Building Project "C:\Users\Paulo\Desktop\Desktop\Programação\GTA V\Indicator Mod\IndicatorMod\IndicatorMod\IndicatorMod.vcxproj" (Build target(s)) -- FAILED.

Build FAILED.

Time Elapsed 00:00:01.42
